2017-03-03 01:29:47,366 [Worker-1] INFO  o.e.m.c.i.e.AbstractTransferListenerAdapter - Downloading https://repo.maven.apache.org/maven2/org/springframework/boot/spring-boot-starter-parent/1.5.1.RELEASE/spring-boot-starter-parent-1.5.1.RELEASE.pom
2017-03-03 01:29:47,832 [Worker-1] INFO  o.e.m.c.i.e.AbstractTransferListenerAdapter - Downloaded https://repo.maven.apache.org/maven2/org/springframework/boot/spring-boot-starter-parent/1.5.1.RELEASE/spring-boot-starter-parent-1.5.1.RELEASE.pom
2017-03-03 01:29:48,150 [Worker-1] INFO  o.e.m.c.i.e.AbstractTransferListenerAdapter - Downloading https://repo.maven.apache.org/maven2/org/springframework/boot/spring-boot-dependencies/1.5.1.RELEASE/spring-boot-dependencies-1.5.1.RELEASE.pom
2017-03-03 01:29:48,903 [Worker-1] INFO  o.e.m.c.i.e.AbstractTransferListenerAdapter - Downloaded https://repo.maven.apache.org/maven2/org/springframework/boot/spring-boot-dependencies/1.5.1.RELEASE/spring-boot-dependencies-1.5.1.RELEASE.pom
2017-03-03 01:29:49,454 [Worker-1] INFO  o.e.m.c.i.e.AbstractTransferListenerAdapter - Downloading https://repo.maven.apache.org/maven2/com/fasterxml/jackson/jackson-bom/2.8.6/jackson-bom-2.8.6.pom
2017-03-03 01:29:49,627 [Worker-1] INFO  o.e.m.c.i.e.AbstractTransferListenerAdapter - Downloaded https://repo.maven.apache.org/maven2/com/fasterxml/jackson/jackson-bom/2.8.6/jackson-bom-2.8.6.pom
2017-03-03 01:29:49,828 [Worker-1] INFO  o.e.m.c.i.e.AbstractTransferListenerAdapter - Downloading https://repo.maven.apache.org/maven2/com/fasterxml/jackson/jackson-parent/2.8/jackson-parent-2.8.pom
2017-03-03 01:29:50,028 [Worker-1] INFO  o.e.m.c.i.e.AbstractTransferListenerAdapter - Downloaded https://repo.maven.apache.org/maven2/com/fasterxml/jackson/jackson-parent/2.8/jackson-parent-2.8.pom
2017-03-03 01:29:50,217 [Worker-1] INFO  o.e.m.c.i.e.AbstractTransferListenerAdapter - Downloading https://repo.maven.apache.org/maven2/com/fasterxml/oss-parent/27/oss-parent-27.pom
2017-03-03 01:29:50,397 [Worker-1] INFO  o.e.m.c.i.e.AbstractTransferListenerAdapter - Downloaded https://repo.maven.apache.org/maven2/com/fasterxml/oss-parent/27/oss-parent-27.pom
2017-03-03 01:29:50,600 [Worker-1] INFO  o.e.m.c.i.e.AbstractTransferListenerAdapter - Downloading https://repo.maven.apache.org/maven2/org/apache/logging/log4j/log4j-bom/2.7/log4j-bom-2.7.pom
2017-03-03 01:29:50,780 [Worker-1] INFO  o.e.m.c.i.e.AbstractTransferListenerAdapter - Downloaded https://repo.maven.apache.org/maven2/org/apache/logging/log4j/log4j-bom/2.7/log4j-bom-2.7.pom
2017-03-03 01:29:51,076 [Worker-1] INFO  o.e.m.c.i.e.AbstractTransferListenerAdapter - Downloading https://repo.maven.apache.org/maven2/org/springframework/data/spring-data-releasetrain/Ingalls-RELEASE/spring-data-releasetrain-Ingalls-RELEASE.pom
2017-03-03 01:29:51,252 [Worker-1] INFO  o.e.m.c.i.e.AbstractTransferListenerAdapter - Downloaded https://repo.maven.apache.org/maven2/org/springframework/data/spring-data-releasetrain/Ingalls-RELEASE/spring-data-releasetrain-Ingalls-RELEASE.pom
2017-03-03 01:29:51,430 [Worker-1] INFO  o.e.m.c.i.e.AbstractTransferListenerAdapter - Downloading https://repo.maven.apache.org/maven2/org/springframework/data/build/spring-data-build/1.9.0.RELEASE/spring-data-build-1.9.0.RELEASE.pom
2017-03-03 01:29:51,609 [Worker-1] INFO  o.e.m.c.i.e.AbstractTransferListenerAdapter - Downloaded https://repo.maven.apache.org/maven2/org/springframework/data/build/spring-data-build/1.9.0.RELEASE/spring-data-build-1.9.0.RELEASE.pom
2017-03-03 01:29:51,837 [Worker-1] INFO  o.e.m.c.i.e.AbstractTransferListenerAdapter - Downloading https://repo.maven.apache.org/maven2/org/springframework/security/spring-security-bom/4.2.1.RELEASE/spring-security-bom-4.2.1.RELEASE.pom
2017-03-03 01:29:52,015 [Worker-1] INFO  o.e.m.c.i.e.AbstractTransferListenerAdapter - Downloaded https://repo.maven.apache.org/maven2/org/springframework/security/spring-security-bom/4.2.1.RELEASE/spring-security-bom-4.2.1.RELEASE.pom
2017-03-03 01:29:53,802 [Worker-1] INFO  o.e.m.c.i.e.AbstractTransferListenerAdapter - Downloading https://repo.maven.apache.org/maven2/org/springframework/boot/spring-boot-maven-plugin/1.5.1.RELEASE/spring-boot-maven-plugin-1.5.1.RELEASE.pom
2017-03-03 01:29:53,982 [Worker-1] INFO  o.e.m.c.i.e.AbstractTransferListenerAdapter - Downloaded https://repo.maven.apache.org/maven2/org/springframework/boot/spring-boot-maven-plugin/1.5.1.RELEASE/spring-boot-maven-plugin-1.5.1.RELEASE.pom
2017-03-03 01:29:54,175 [Worker-1] INFO  o.e.m.c.i.e.AbstractTransferListenerAdapter - Downloading https://repo.maven.apache.org/maven2/org/springframework/boot/spring-boot-tools/1.5.1.RELEASE/spring-boot-tools-1.5.1.RELEASE.pom
2017-03-03 01:29:54,359 [Worker-1] INFO  o.e.m.c.i.e.AbstractTransferListenerAdapter - Downloaded https://repo.maven.apache.org/maven2/org/springframework/boot/spring-boot-tools/1.5.1.RELEASE/spring-boot-tools-1.5.1.RELEASE.pom
2017-03-03 01:29:54,547 [Worker-1] INFO  o.e.m.c.i.e.AbstractTransferListenerAdapter - Downloading https://repo.maven.apache.org/maven2/org/springframework/boot/spring-boot-parent/1.5.1.RELEASE/spring-boot-parent-1.5.1.RELEASE.pom
2017-03-03 01:29:54,886 [Worker-1] INFO  o.e.m.c.i.e.AbstractTransferListenerAdapter - Downloaded https://repo.maven.apache.org/maven2/org/springframework/boot/spring-boot-parent/1.5.1.RELEASE/spring-boot-parent-1.5.1.RELEASE.pom
2017-03-03 01:29:55,285 [Worker-1] INFO  o.e.m.c.i.e.AbstractTransferListenerAdapter - Downloading https://repo.maven.apache.org/maven2/org/springframework/boot/spring-boot-maven-plugin/1.5.1.RELEASE/spring-boot-maven-plugin-1.5.1.RELEASE.jar
2017-03-03 01:29:55,621 [Worker-1] INFO  o.e.m.c.i.e.AbstractTransferListenerAdapter - Downloaded https://repo.maven.apache.org/maven2/org/springframework/boot/spring-boot-maven-plugin/1.5.1.RELEASE/spring-boot-maven-plugin-1.5.1.RELEASE.jar
2017-03-03 01:30:04,904 [Worker-1] INFO  o.e.m.c.i.l.LifecycleMappingFactory - Using org.eclipse.m2e.jdt.JarLifecycleMapping lifecycle mapping for MavenProject: com.example:Max:0.0.1-SNAPSHOT @ C:\Users\kunwa\Desktop\Satisfac\SolutionMax\pom.xml.
2017-03-03 01:30:05,082 [Worker-1] INFO  o.e.m.c.i.e.AbstractTransferListenerAdapter - Downloading https://repo.maven.apache.org/maven2/org/springframework/boot/spring-boot-starter/1.5.1.RELEASE/spring-boot-starter-1.5.1.RELEASE.pom
2017-03-03 01:30:05,262 [Worker-1] INFO  o.e.m.c.i.e.AbstractTransferListenerAdapter - Downloaded https://repo.maven.apache.org/maven2/org/springframework/boot/spring-boot-starter/1.5.1.RELEASE/spring-boot-starter-1.5.1.RELEASE.pom
2017-03-03 01:30:05,464 [Worker-1] INFO  o.e.m.c.i.e.AbstractTransferListenerAdapter - Downloading https://repo.maven.apache.org/maven2/org/springframework/boot/spring-boot-starters/1.5.1.RELEASE/spring-boot-starters-1.5.1.RELEASE.pom
2017-03-03 01:30:05,650 [Worker-1] INFO  o.e.m.c.i.e.AbstractTransferListenerAdapter - Downloaded https://repo.maven.apache.org/maven2/org/springframework/boot/spring-boot-starters/1.5.1.RELEASE/spring-boot-starters-1.5.1.RELEASE.pom
2017-03-03 01:30:05,845 [Worker-1] INFO  o.e.m.c.i.e.AbstractTransferListenerAdapter - Downloading https://repo.maven.apache.org/maven2/org/springframework/boot/spring-boot/1.5.1.RELEASE/spring-boot-1.5.1.RELEASE.pom
2017-03-03 01:30:06,030 [Worker-1] INFO  o.e.m.c.i.e.AbstractTransferListenerAdapter - Downloaded https://repo.maven.apache.org/maven2/org/springframework/boot/spring-boot/1.5.1.RELEASE/spring-boot-1.5.1.RELEASE.pom
2017-03-03 01:30:06,416 [Worker-1] INFO  o.e.m.c.i.e.AbstractTransferListenerAdapter - Downloading https://repo.maven.apache.org/maven2/org/springframework/boot/spring-boot-autoconfigure/1.5.1.RELEASE/spring-boot-autoconfigure-1.5.1.RELEASE.pom
2017-03-03 01:30:06,640 [Worker-1] INFO  o.e.m.c.i.e.AbstractTransferListenerAdapter - Downloaded https://repo.maven.apache.org/maven2/org/springframework/boot/spring-boot-autoconfigure/1.5.1.RELEASE/spring-boot-autoconfigure-1.5.1.RELEASE.pom
2017-03-03 01:30:06,835 [Worker-1] INFO  o.e.m.c.i.e.AbstractTransferListenerAdapter - Downloading https://repo.maven.apache.org/maven2/org/springframework/boot/spring-boot-starter-logging/1.5.1.RELEASE/spring-boot-starter-logging-1.5.1.RELEASE.pom
2017-03-03 01:30:07,014 [Worker-1] INFO  o.e.m.c.i.e.AbstractTransferListenerAdapter - Downloaded https://repo.maven.apache.org/maven2/org/springframework/boot/spring-boot-starter-logging/1.5.1.RELEASE/spring-boot-starter-logging-1.5.1.RELEASE.pom
2017-03-03 01:30:07,607 [Worker-1] INFO  o.e.m.c.i.e.AbstractTransferListenerAdapter - Downloading https://repo.maven.apache.org/maven2/org/springframework/boot/spring-boot-starter-test/1.5.1.RELEASE/spring-boot-starter-test-1.5.1.RELEASE.pom
2017-03-03 01:30:07,792 [Worker-1] INFO  o.e.m.c.i.e.AbstractTransferListenerAdapter - Downloaded https://repo.maven.apache.org/maven2/org/springframework/boot/spring-boot-starter-test/1.5.1.RELEASE/spring-boot-starter-test-1.5.1.RELEASE.pom
2017-03-03 01:30:07,997 [Worker-1] INFO  o.e.m.c.i.e.AbstractTransferListenerAdapter - Downloading https://repo.maven.apache.org/maven2/org/springframework/boot/spring-boot-test/1.5.1.RELEASE/spring-boot-test-1.5.1.RELEASE.pom
2017-03-03 01:30:08,211 [Worker-1] INFO  o.e.m.c.i.e.AbstractTransferListenerAdapter - Downloaded https://repo.maven.apache.org/maven2/org/springframework/boot/spring-boot-test/1.5.1.RELEASE/spring-boot-test-1.5.1.RELEASE.pom
2017-03-03 01:30:08,413 [Worker-1] INFO  o.e.m.c.i.e.AbstractTransferListenerAdapter - Downloading https://repo.maven.apache.org/maven2/org/springframework/boot/spring-boot-test-autoconfigure/1.5.1.RELEASE/spring-boot-test-autoconfigure-1.5.1.RELEASE.pom
2017-03-03 01:30:08,608 [Worker-1] INFO  o.e.m.c.i.e.AbstractTransferListenerAdapter - Downloaded https://repo.maven.apache.org/maven2/org/springframework/boot/spring-boot-test-autoconfigure/1.5.1.RELEASE/spring-boot-test-autoconfigure-1.5.1.RELEASE.pom
2017-03-03 01:30:09,156 [Worker-1] INFO  o.e.m.c.i.e.AbstractTransferListenerAdapter - Downloading https://repo.maven.apache.org/maven2/org/assertj/assertj-core/2.6.0/assertj-core-2.6.0.pom
2017-03-03 01:30:09,341 [Worker-1] INFO  o.e.m.c.i.e.AbstractTransferListenerAdapter - Downloaded https://repo.maven.apache.org/maven2/org/assertj/assertj-core/2.6.0/assertj-core-2.6.0.pom
2017-03-03 01:30:09,726 [Worker-1] INFO  o.e.m.c.i.e.AbstractTransferListenerAdapter - Downloading https://repo.maven.apache.org/maven2/org/skyscreamer/jsonassert/1.4.0/jsonassert-1.4.0.pom
2017-03-03 01:30:09,907 [Worker-1] INFO  o.e.m.c.i.e.AbstractTransferListenerAdapter - Downloaded https://repo.maven.apache.org/maven2/org/skyscreamer/jsonassert/1.4.0/jsonassert-1.4.0.pom
2017-03-03 01:30:10,135 [Worker-1] INFO  o.e.m.c.i.e.AbstractTransferListenerAdapter - Downloading https://repo.maven.apache.org/maven2/com/vaadin/external/google/android-json/0.0.20131108.vaadin1/android-json-0.0.20131108.vaadin1.pom
2017-03-03 01:30:10,317 [Worker-1] INFO  o.e.m.c.i.e.AbstractTransferListenerAdapter - Downloaded https://repo.maven.apache.org/maven2/com/vaadin/external/google/android-json/0.0.20131108.vaadin1/android-json-0.0.20131108.vaadin1.pom
2017-03-03 01:30:10,589 [Worker-1] INFO  o.e.m.c.i.e.AbstractTransferListenerAdapter - Downloading https://repo.maven.apache.org/maven2/org/springframework/boot/spring-boot-starter/1.5.1.RELEASE/spring-boot-starter-1.5.1.RELEASE.jar
2017-03-03 01:30:10,785 [Worker-1] INFO  o.e.m.c.i.e.AbstractTransferListenerAdapter - Downloaded https://repo.maven.apache.org/maven2/org/springframework/boot/spring-boot-starter/1.5.1.RELEASE/spring-boot-starter-1.5.1.RELEASE.jar
2017-03-03 01:30:10,937 [Worker-1] INFO  o.e.m.c.i.e.AbstractTransferListenerAdapter - Downloading https://repo.maven.apache.org/maven2/org/springframework/boot/spring-boot/1.5.1.RELEASE/spring-boot-1.5.1.RELEASE.jar
2017-03-03 01:30:11,508 [Worker-1] INFO  o.e.m.c.i.e.AbstractTransferListenerAdapter - Downloaded https://repo.maven.apache.org/maven2/org/springframework/boot/spring-boot/1.5.1.RELEASE/spring-boot-1.5.1.RELEASE.jar
2017-03-03 01:30:11,665 [Worker-1] INFO  o.e.m.c.i.e.AbstractTransferListenerAdapter - Downloading https://repo.maven.apache.org/maven2/org/springframework/boot/spring-boot-autoconfigure/1.5.1.RELEASE/spring-boot-autoconfigure-1.5.1.RELEASE.jar
2017-03-03 01:30:12,334 [Worker-1] INFO  o.e.m.c.i.e.AbstractTransferListenerAdapter - Downloaded https://repo.maven.apache.org/maven2/org/springframework/boot/spring-boot-autoconfigure/1.5.1.RELEASE/spring-boot-autoconfigure-1.5.1.RELEASE.jar
2017-03-03 01:30:12,490 [Worker-1] INFO  o.e.m.c.i.e.AbstractTransferListenerAdapter - Downloading https://repo.maven.apache.org/maven2/org/springframework/boot/spring-boot-starter-logging/1.5.1.RELEASE/spring-boot-starter-logging-1.5.1.RELEASE.jar
2017-03-03 01:30:12,706 [Worker-1] INFO  o.e.m.c.i.e.AbstractTransferListenerAdapter - Downloaded https://repo.maven.apache.org/maven2/org/springframework/boot/spring-boot-starter-logging/1.5.1.RELEASE/spring-boot-starter-logging-1.5.1.RELEASE.jar
2017-03-03 01:30:12,862 [Worker-1] INFO  o.e.m.c.i.e.AbstractTransferListenerAdapter - Downloading https://repo.maven.apache.org/maven2/org/springframework/boot/spring-boot-starter-test/1.5.1.RELEASE/spring-boot-starter-test-1.5.1.RELEASE.jar
2017-03-03 01:30:13,057 [Worker-1] INFO  o.e.m.c.i.e.AbstractTransferListenerAdapter - Downloaded https://repo.maven.apache.org/maven2/org/springframework/boot/spring-boot-starter-test/1.5.1.RELEASE/spring-boot-starter-test-1.5.1.RELEASE.jar
2017-03-03 01:30:13,211 [Worker-1] INFO  o.e.m.c.i.e.AbstractTransferListenerAdapter - Downloading https://repo.maven.apache.org/maven2/org/springframework/boot/spring-boot-test/1.5.1.RELEASE/spring-boot-test-1.5.1.RELEASE.jar
2017-03-03 01:30:13,420 [Worker-1] INFO  o.e.m.c.i.e.AbstractTransferListenerAdapter - Downloaded https://repo.maven.apache.org/maven2/org/springframework/boot/spring-boot-test/1.5.1.RELEASE/spring-boot-test-1.5.1.RELEASE.jar
2017-03-03 01:30:13,579 [Worker-1] INFO  o.e.m.c.i.e.AbstractTransferListenerAdapter - Downloading https://repo.maven.apache.org/maven2/org/springframework/boot/spring-boot-test-autoconfigure/1.5.1.RELEASE/spring-boot-test-autoconfigure-1.5.1.RELEASE.jar
2017-03-03 01:30:13,779 [Worker-1] INFO  o.e.m.c.i.e.AbstractTransferListenerAdapter - Downloaded https://repo.maven.apache.org/maven2/org/springframework/boot/spring-boot-test-autoconfigure/1.5.1.RELEASE/spring-boot-test-autoconfigure-1.5.1.RELEASE.jar
2017-03-03 01:30:13,942 [Worker-1] INFO  o.e.m.c.i.e.AbstractTransferListenerAdapter - Downloading https://repo.maven.apache.org/maven2/org/assertj/assertj-core/2.6.0/assertj-core-2.6.0.jar
2017-03-03 01:30:14,404 [Worker-1] INFO  o.e.m.c.i.e.AbstractTransferListenerAdapter - Downloaded https://repo.maven.apache.org/maven2/org/assertj/assertj-core/2.6.0/assertj-core-2.6.0.jar
2017-03-03 01:30:14,561 [Worker-1] INFO  o.e.m.c.i.e.AbstractTransferListenerAdapter - Downloading https://repo.maven.apache.org/maven2/org/skyscreamer/jsonassert/1.4.0/jsonassert-1.4.0.jar
2017-03-03 01:30:14,960 [Worker-1] INFO  o.e.m.c.i.e.AbstractTransferListenerAdapter - Downloaded https://repo.maven.apache.org/maven2/org/skyscreamer/jsonassert/1.4.0/jsonassert-1.4.0.jar
2017-03-03 01:30:15,128 [Worker-1] INFO  o.e.m.c.i.e.AbstractTransferListenerAdapter - Downloading https://repo.maven.apache.org/maven2/com/vaadin/external/google/android-json/0.0.20131108.vaadin1/android-json-0.0.20131108.vaadin1.jar
2017-03-03 01:30:15,390 [Worker-1] INFO  o.e.m.c.i.e.AbstractTransferListenerAdapter - Downloaded https://repo.maven.apache.org/maven2/com/vaadin/external/google/android-json/0.0.20131108.vaadin1/android-json-0.0.20131108.vaadin1.jar
2017-03-03 01:30:29,361 [Worker-1] INFO  o.e.m.j.i.AbstractJavaProjectConfigurator - Adding source folder /SolutionMax/src/main/java
2017-03-03 01:30:29,371 [Worker-1] INFO  o.e.m.j.i.AbstractJavaProjectConfigurator - Adding resource folder /SolutionMax/src/main/resources
2017-03-03 01:30:29,399 [Worker-1] INFO  o.e.m.j.i.AbstractJavaProjectConfigurator - Adding resource folder /SolutionMax/src/main/resources
2017-03-03 01:30:29,437 [Worker-1] INFO  o.e.m.j.i.AbstractJavaProjectConfigurator - Adding source folder /SolutionMax/src/test/java
2017-03-03 01:30:33,025 [Worker-1] INFO  o.e.m.c.i.p.ProjectConfigurationManager - Imported and configured 1 project(s) in 47 sec
2017-03-03 01:30:33,031 [Worker-1] INFO  o.e.m.c.i.p.ProjectConfigurationManager - Update started
2017-03-03 01:30:37,676 [Worker-1] INFO  o.e.m.c.i.l.LifecycleMappingFactory - Using org.eclipse.m2e.jdt.JarLifecycleMapping lifecycle mapping for MavenProject: com.example:Max:0.0.1-SNAPSHOT @ C:\Users\kunwa\Desktop\Satisfac\SolutionMax\pom.xml.
2017-03-03 01:30:40,830 [Worker-1] INFO  o.e.m.j.i.AbstractJavaProjectConfigurator - Adding source folder /SolutionMax/src/main/java
2017-03-03 01:30:40,843 [Worker-1] INFO  o.e.m.j.i.AbstractJavaProjectConfigurator - Adding resource folder /SolutionMax/src/main/resources
2017-03-03 01:30:40,855 [Worker-1] INFO  o.e.m.j.i.AbstractJavaProjectConfigurator - Adding resource folder /SolutionMax/src/main/resources
2017-03-03 01:30:40,857 [Worker-1] INFO  o.e.m.j.i.AbstractJavaProjectConfigurator - Adding source folder /SolutionMax/src/test/java
2017-03-03 01:30:41,847 [Worker-1] INFO  o.e.m.c.i.p.ProjectConfigurationManager - Update completed: 8 sec
2017-03-03 01:30:49,845 [Worker-4] INFO  o.e.m.c.i.embedder.EclipseLogger - Using 'UTF-8' encoding to copy filtered resources.
2017-03-03 01:30:49,862 [Worker-4] INFO  o.e.m.c.i.embedder.EclipseLogger - Copying 1 resource
2017-03-03 01:30:49,898 [Worker-4] INFO  o.e.m.c.i.embedder.EclipseLogger - Copying 0 resource
2017-03-03 01:30:49,916 [Worker-4] INFO  o.e.m.c.i.embedder.EclipseLogger - Using 'UTF-8' encoding to copy filtered resources.
2017-03-03 01:30:49,927 [Worker-4] INFO  o.e.m.c.i.embedder.EclipseLogger - skip non existing resourceDirectory C:\Users\kunwa\Desktop\Satisfac\SolutionMax\src\test\resources
2017-03-03 01:33:12,319 [Worker-16] INFO  o.e.m.c.i.embedder.EclipseLogger - Using 'UTF-8' encoding to copy filtered resources.
2017-03-03 01:33:12,344 [Worker-16] INFO  o.e.m.c.i.embedder.EclipseLogger - Copying 1 resource
2017-03-03 01:33:12,368 [Worker-16] INFO  o.e.m.c.i.embedder.EclipseLogger - Copying 0 resource
2017-03-03 01:33:12,400 [Worker-16] INFO  o.e.m.c.i.embedder.EclipseLogger - Using 'UTF-8' encoding to copy filtered resources.
2017-03-03 01:33:12,410 [Worker-16] INFO  o.e.m.c.i.embedder.EclipseLogger - skip non existing resourceDirectory C:\Users\kunwa\Desktop\Satisfac\SolutionMax\src\test\resources
2017-03-03 01:33:17,254 [Worker-12] INFO  o.e.m.c.i.embedder.EclipseLogger - Using 'UTF-8' encoding to copy filtered resources.
2017-03-03 01:33:17,418 [Worker-12] INFO  o.e.m.c.i.embedder.EclipseLogger - Copying 1 resource
2017-03-03 01:33:17,436 [Worker-12] INFO  o.e.m.c.i.embedder.EclipseLogger - Copying 0 resource
2017-03-03 01:33:17,451 [Worker-12] INFO  o.e.m.c.i.embedder.EclipseLogger - Using 'UTF-8' encoding to copy filtered resources.
2017-03-03 01:33:17,451 [Worker-12] INFO  o.e.m.c.i.embedder.EclipseLogger - skip non existing resourceDirectory C:\Users\kunwa\Desktop\Satisfac\SolutionMax\src\test\resources
2017-03-03 01:33:30,787 [Worker-9] INFO  o.e.m.c.i.embedder.EclipseLogger - Using 'UTF-8' encoding to copy filtered resources.
2017-03-03 01:33:30,788 [Worker-9] INFO  o.e.m.c.i.embedder.EclipseLogger - Copying 0 resource
2017-03-03 01:33:30,788 [Worker-9] INFO  o.e.m.c.i.embedder.EclipseLogger - Copying 0 resource
2017-03-03 01:33:30,794 [Worker-9] INFO  o.e.m.c.i.embedder.EclipseLogger - Using 'UTF-8' encoding to copy filtered resources.
2017-03-03 01:33:30,806 [Worker-9] INFO  o.e.m.c.i.embedder.EclipseLogger - skip non existing resourceDirectory C:\Users\kunwa\Desktop\Satisfac\SolutionMax\src\test\resources
2017-03-03 01:33:36,224 [Worker-5] INFO  o.e.m.c.i.embedder.EclipseLogger - Using 'UTF-8' encoding to copy filtered resources.
2017-03-03 01:33:36,266 [Worker-5] INFO  o.e.m.c.i.embedder.EclipseLogger - Copying 0 resource
2017-03-03 01:33:36,282 [Worker-5] INFO  o.e.m.c.i.embedder.EclipseLogger - Copying 0 resource
2017-03-03 01:33:36,301 [Worker-5] INFO  o.e.m.c.i.embedder.EclipseLogger - Using 'UTF-8' encoding to copy filtered resources.
2017-03-03 01:33:36,303 [Worker-5] INFO  o.e.m.c.i.embedder.EclipseLogger - skip non existing resourceDirectory C:\Users\kunwa\Desktop\Satisfac\SolutionMax\src\test\resources
